CRITICAL - 2022-06-23 21:52:34 --> Undefined variable $arrayClients
in APPPATH/Views/admin/client/listClients.php on line 15.
 1 APPPATH/Views/admin/client/listClients.php(15): CodeIgniter\Debug\Exceptions->errorHandler(2, 'Undefined variable $arrayClients', 'APPPATH/Views/admin/client/listClients.php', 15)
 2 SYSTEMPATH/View/View.php(213): include('APPPATH/Views/admin/client/listClients.php')
 3 SYSTEMPATH/View/View.php(216): CodeIgniter\View\View->CodeIgniter\View\{closure}()
 4 SYSTEMPATH/Common.php(1135): CodeIgniter\View\View->render('admin/client/listClients', [], true)
 5 APPPATH/Controllers/Admin/Client.php(17): view('admin/client/listClients', [...])
 6 SYSTEMPATH/CodeIgniter.php(898): App\Controllers\Admin\Client->listClients()
 7 SYSTEMPATH/CodeIgniter.php(468): CodeIgniter\CodeIgniter->runController(Object(App\Controllers\Admin\Client))
 8 SYSTEMPATH/CodeIgniter.php(351): CodeIgniter\CodeIgniter->handleRequest(null, Object(Config\Cache), false)
 9 FCPATH/index.php(55): CodeIgniter\CodeIgniter->run()
CRITICAL - 2022-06-23 21:59:45 --> Invalid file: admin/client/detailsClient.php
in SYSTEMPATH/Exceptions/FrameworkException.php on line 33.
 1 SYSTEMPATH/View/View.php(201): CodeIgniter\Exceptions\FrameworkException::forInvalidFile('admin/client/detailsClient.php')
 2 SYSTEMPATH/Common.php(1135): CodeIgniter\View\View->render('admin/client/detailsClient', [], true)
 3 APPPATH/Controllers/Admin/Client.php(28): view('admin/client/detailsClient', [...])
 4 SYSTEMPATH/CodeIgniter.php(898): App\Controllers\Admin\Client->detailsClient('1')
 5 SYSTEMPATH/CodeIgniter.php(468): CodeIgniter\CodeIgniter->runController(Object(App\Controllers\Admin\Client))
 6 SYSTEMPATH/CodeIgniter.php(351): CodeIgniter\CodeIgniter->handleRequest(null, Object(Config\Cache), false)
 7 FCPATH/index.php(55): CodeIgniter\CodeIgniter->run()
CRITICAL - 2022-06-23 22:01:22 --> Undefined variable $data
in APPPATH/Controllers/Admin/Client.php on line 34.
 1 APPPATH/Controllers/Admin/Client.php(34): CodeIgniter\Debug\Exceptions->errorHandler(2, 'Undefined variable $data', 'APPPATH/Controllers/Admin/Client.php', 34)
 2 SYSTEMPATH/CodeIgniter.php(898): App\Controllers\Admin\Client->insertClient()
 3 SYSTEMPATH/CodeIgniter.php(468): CodeIgniter\CodeIgniter->runController(Object(App\Controllers\Admin\Client))
 4 SYSTEMPATH/CodeIgniter.php(351): CodeIgniter\CodeIgniter->handleRequest(null, Object(Config\Cache), false)
 5 FCPATH/index.php(55): CodeIgniter\CodeIgniter->run()
CRITICAL - 2022-06-23 22:09:39 --> Invalid file: admin/client/detailsClient.php
in SYSTEMPATH/Exceptions/FrameworkException.php on line 33.
 1 SYSTEMPATH/View/View.php(201): CodeIgniter\Exceptions\FrameworkException::forInvalidFile('admin/client/detailsClient.php')
 2 SYSTEMPATH/Common.php(1135): CodeIgniter\View\View->render('admin/client/detailsClient', [], true)
 3 APPPATH/Controllers/Admin/Client.php(58): view('admin/client/detailsClient', [...])
 4 SYSTEMPATH/CodeIgniter.php(898): App\Controllers\Admin\Client->updateClient('4')
 5 SYSTEMPATH/CodeIgniter.php(468): CodeIgniter\CodeIgniter->runController(Object(App\Controllers\Admin\Client))
 6 SYSTEMPATH/CodeIgniter.php(351): CodeIgniter\CodeIgniter->handleRequest(null, Object(Config\Cache), false)
 7 FCPATH/index.php(55): CodeIgniter\CodeIgniter->run()
CRITICAL - 2022-06-23 22:17:52 --> Invalid file: admin/client/detailsClient.php
in SYSTEMPATH/Exceptions/FrameworkException.php on line 33.
 1 SYSTEMPATH/View/View.php(201): CodeIgniter\Exceptions\FrameworkException::forInvalidFile('admin/client/detailsClient.php')
 2 SYSTEMPATH/Common.php(1135): CodeIgniter\View\View->render('admin/client/detailsClient', [], true)
 3 APPPATH/Controllers/Admin/Client.php(28): view('admin/client/detailsClient', [...])
 4 SYSTEMPATH/CodeIgniter.php(898): App\Controllers\Admin\Client->detailsClient('1')
 5 SYSTEMPATH/CodeIgniter.php(468): CodeIgniter\CodeIgniter->runController(Object(App\Controllers\Admin\Client))
 6 SYSTEMPATH/CodeIgniter.php(351): CodeIgniter\CodeIgniter->handleRequest(null, Object(Config\Cache), false)
 7 FCPATH/index.php(55): CodeIgniter\CodeIgniter->run()
CRITICAL - 2022-06-23 22:19:39 --> Invalid file: admin/client/detailsClient.php
in SYSTEMPATH/Exceptions/FrameworkException.php on line 33.
 1 SYSTEMPATH/View/View.php(201): CodeIgniter\Exceptions\FrameworkException::forInvalidFile('admin/client/detailsClient.php')
 2 SYSTEMPATH/Common.php(1135): CodeIgniter\View\View->render('admin/client/detailsClient', [], true)
 3 APPPATH/Controllers/Admin/Client.php(58): view('admin/client/detailsClient', [...])
 4 SYSTEMPATH/CodeIgniter.php(898): App\Controllers\Admin\Client->updateClient('1')
 5 SYSTEMPATH/CodeIgniter.php(468): CodeIgniter\CodeIgniter->runController(Object(App\Controllers\Admin\Client))
 6 SYSTEMPATH/CodeIgniter.php(351): CodeIgniter\CodeIgniter->handleRequest(null, Object(Config\Cache), false)
 7 FCPATH/index.php(55): CodeIgniter\CodeIgniter->run()
CRITICAL - 2022-06-23 22:20:00 --> Invalid file: admin/client/detailsClient.php
in SYSTEMPATH/Exceptions/FrameworkException.php on line 33.
 1 SYSTEMPATH/View/View.php(201): CodeIgniter\Exceptions\FrameworkException::forInvalidFile('admin/client/detailsClient.php')
 2 SYSTEMPATH/Common.php(1135): CodeIgniter\View\View->render('admin/client/detailsClient', [], true)
 3 APPPATH/Controllers/Admin/Client.php(28): view('admin/client/detailsClient', [...])
 4 SYSTEMPATH/CodeIgniter.php(898): App\Controllers\Admin\Client->detailsClient('1')
 5 SYSTEMPATH/CodeIgniter.php(468): CodeIgniter\CodeIgniter->runController(Object(App\Controllers\Admin\Client))
 6 SYSTEMPATH/CodeIgniter.php(351): CodeIgniter\CodeIgniter->handleRequest(null, Object(Config\Cache), false)
 7 FCPATH/index.php(55): CodeIgniter\CodeIgniter->run()
CRITICAL - 2022-06-23 22:20:09 --> Invalid file: admin/client/detailsClient.php
in SYSTEMPATH/Exceptions/FrameworkException.php on line 33.
 1 SYSTEMPATH/View/View.php(201): CodeIgniter\Exceptions\FrameworkException::forInvalidFile('admin/client/detailsClient.php')
 2 SYSTEMPATH/Common.php(1135): CodeIgniter\View\View->render('admin/client/detailsClient', [], true)
 3 APPPATH/Controllers/Admin/Client.php(58): view('admin/client/detailsClient', [...])
 4 SYSTEMPATH/CodeIgniter.php(898): App\Controllers\Admin\Client->updateClient('1')
 5 SYSTEMPATH/CodeIgniter.php(468): CodeIgniter\CodeIgniter->runController(Object(App\Controllers\Admin\Client))
 6 SYSTEMPATH/CodeIgniter.php(351): CodeIgniter\CodeIgniter->handleRequest(null, Object(Config\Cache), false)
 7 FCPATH/index.php(55): CodeIgniter\CodeIgniter->run()
CRITICAL - 2022-06-23 22:22:28 --> Invalid file: admin/client/detailsClient.php
in SYSTEMPATH/Exceptions/FrameworkException.php on line 33.
 1 SYSTEMPATH/View/View.php(201): CodeIgniter\Exceptions\FrameworkException::forInvalidFile('admin/client/detailsClient.php')
 2 SYSTEMPATH/Common.php(1135): CodeIgniter\View\View->render('admin/client/detailsClient', [], true)
 3 APPPATH/Controllers/Admin/Client.php(28): view('admin/client/detailsClient', [...])
 4 SYSTEMPATH/CodeIgniter.php(898): App\Controllers\Admin\Client->detailsClient('1')
 5 SYSTEMPATH/CodeIgniter.php(468): CodeIgniter\CodeIgniter->runController(Object(App\Controllers\Admin\Client))
 6 SYSTEMPATH/CodeIgniter.php(351): CodeIgniter\CodeIgniter->handleRequest(null, Object(Config\Cache), false)
 7 FCPATH/index.php(55): CodeIgniter\CodeIgniter->run()
CRITICAL - 2022-06-23 22:24:34 --> Invalid file: admin/client/detailsClient.php
in SYSTEMPATH/Exceptions/FrameworkException.php on line 33.
 1 SYSTEMPATH/View/View.php(201): CodeIgniter\Exceptions\FrameworkException::forInvalidFile('admin/client/detailsClient.php')
 2 SYSTEMPATH/Common.php(1135): CodeIgniter\View\View->render('admin/client/detailsClient', [], true)
 3 APPPATH/Controllers/Admin/Client.php(28): view('admin/client/detailsClient', [...])
 4 SYSTEMPATH/CodeIgniter.php(898): App\Controllers\Admin\Client->detailsClient('1')
 5 SYSTEMPATH/CodeIgniter.php(468): CodeIgniter\CodeIgniter->runController(Object(App\Controllers\Admin\Client))
 6 SYSTEMPATH/CodeIgniter.php(351): CodeIgniter\CodeIgniter->handleRequest(null, Object(Config\Cache), false)
 7 FCPATH/index.php(55): CodeIgniter\CodeIgniter->run()
CRITICAL - 2022-06-23 22:26:31 --> Invalid file: admin/client/detailsClient.php
in SYSTEMPATH/Exceptions/FrameworkException.php on line 33.
 1 SYSTEMPATH/View/View.php(201): CodeIgniter\Exceptions\FrameworkException::forInvalidFile('admin/client/detailsClient.php')
 2 SYSTEMPATH/Common.php(1135): CodeIgniter\View\View->render('admin/client/detailsClient', [], true)
 3 APPPATH/Controllers/Admin/Client.php(28): view('admin/client/detailsClient', [...])
 4 SYSTEMPATH/CodeIgniter.php(898): App\Controllers\Admin\Client->detailsClient('1')
 5 SYSTEMPATH/CodeIgniter.php(468): CodeIgniter\CodeIgniter->runController(Object(App\Controllers\Admin\Client))
 6 SYSTEMPATH/CodeIgniter.php(351): CodeIgniter\CodeIgniter->handleRequest(null, Object(Config\Cache), false)
 7 FCPATH/index.php(55): CodeIgniter\CodeIgniter->run()
CRITICAL - 2022-06-23 22:26:40 --> Invalid file: admin/client/detailsClient.php
in SYSTEMPATH/Exceptions/FrameworkException.php on line 33.
 1 SYSTEMPATH/View/View.php(201): CodeIgniter\Exceptions\FrameworkException::forInvalidFile('admin/client/detailsClient.php')
 2 SYSTEMPATH/Common.php(1135): CodeIgniter\View\View->render('admin/client/detailsClient', [], true)
 3 APPPATH/Controllers/Admin/Client.php(58): view('admin/client/detailsClient', [...])
 4 SYSTEMPATH/CodeIgniter.php(898): App\Controllers\Admin\Client->updateClient('1')
 5 SYSTEMPATH/CodeIgniter.php(468): CodeIgniter\CodeIgniter->runController(Object(App\Controllers\Admin\Client))
 6 SYSTEMPATH/CodeIgniter.php(351): CodeIgniter\CodeIgniter->handleRequest(null, Object(Config\Cache), false)
 7 FCPATH/index.php(55): CodeIgniter\CodeIgniter->run()
CRITICAL - 2022-06-23 22:33:21 --> Invalid file: admin/client/detailsClient.php
in SYSTEMPATH/Exceptions/FrameworkException.php on line 33.
 1 SYSTEMPATH/View/View.php(201): CodeIgniter\Exceptions\FrameworkException::forInvalidFile('admin/client/detailsClient.php')
 2 SYSTEMPATH/Common.php(1135): CodeIgniter\View\View->render('admin/client/detailsClient', [], true)
 3 APPPATH/Controllers/Admin/Client.php(28): view('admin/client/detailsClient', [...])
 4 SYSTEMPATH/CodeIgniter.php(898): App\Controllers\Admin\Client->detailsClient('1')
 5 SYSTEMPATH/CodeIgniter.php(468): CodeIgniter\CodeIgniter->runController(Object(App\Controllers\Admin\Client))
 6 SYSTEMPATH/CodeIgniter.php(351): CodeIgniter\CodeIgniter->handleRequest(null, Object(Config\Cache), false)
 7 FCPATH/index.php(55): CodeIgniter\CodeIgniter->run()
