CRITICAL - 2022-06-07 17:53:40 --> Invalid file: welcome_message.php
in SYSTEMPATH/Exceptions/FrameworkException.php on line 33.
 1 SYSTEMPATH/View/View.php(201): CodeIgniter\Exceptions\FrameworkException::forInvalidFile('welcome_message.php')
 2 SYSTEMPATH/Common.php(1135): CodeIgniter\View\View->render('welcome_message', [], true)
 3 APPPATH/Controllers/Home.php(9): view('welcome_message')
 4 SYSTEMPATH/CodeIgniter.php(898): App\Controllers\Home->index()
 5 SYSTEMPATH/CodeIgniter.php(468): CodeIgniter\CodeIgniter->runController(Object(App\Controllers\Home))
 6 SYSTEMPATH/CodeIgniter.php(351): CodeIgniter\CodeIgniter->handleRequest(null, Object(Config\Cache), false)
 7 FCPATH/index.php(55): CodeIgniter\CodeIgniter->run()
CRITICAL - 2022-06-07 18:08:48 --> syntax error, unexpected identifier "nav"
in APPPATH/Views/templates/header.php on line 28.
 1 SYSTEMPATH/View/View.php(216): CodeIgniter\View\View->CodeIgniter\View\{closure}()
 2 SYSTEMPATH/Common.php(1135): CodeIgniter\View\View->render('templates/header', [], true)
 3 APPPATH/Controllers/Site.php(8): view('templates/header')
 4 SYSTEMPATH/CodeIgniter.php(898): App\Controllers\Site->index()
 5 SYSTEMPATH/CodeIgniter.php(468): CodeIgniter\CodeIgniter->runController(Object(App\Controllers\Site))
 6 SYSTEMPATH/CodeIgniter.php(351): CodeIgniter\CodeIgniter->handleRequest(null, Object(Config\Cache), false)
 7 FCPATH/index.php(55): CodeIgniter\CodeIgniter->run()
CRITICAL - 2022-06-07 18:09:12 --> syntax error, unexpected identifier "nav"
in APPPATH/Views/templates/header.php on line 28.
 1 SYSTEMPATH/View/View.php(216): CodeIgniter\View\View->CodeIgniter\View\{closure}()
 2 SYSTEMPATH/Common.php(1135): CodeIgniter\View\View->render('templates/header', [], true)
 3 APPPATH/Controllers/Site.php(8): view('templates/header')
 4 SYSTEMPATH/CodeIgniter.php(898): App\Controllers\Site->index()
 5 SYSTEMPATH/CodeIgniter.php(468): CodeIgniter\CodeIgniter->runController(Object(App\Controllers\Site))
 6 SYSTEMPATH/CodeIgniter.php(351): CodeIgniter\CodeIgniter->handleRequest(null, Object(Config\Cache), false)
 7 FCPATH/index.php(55): CodeIgniter\CodeIgniter->run()
CRITICAL - 2022-06-07 18:09:13 --> syntax error, unexpected identifier "nav"
in APPPATH/Views/templates/header.php on line 28.
 1 SYSTEMPATH/View/View.php(216): CodeIgniter\View\View->CodeIgniter\View\{closure}()
 2 SYSTEMPATH/Common.php(1135): CodeIgniter\View\View->render('templates/header', [], true)
 3 APPPATH/Controllers/Site.php(8): view('templates/header')
 4 SYSTEMPATH/CodeIgniter.php(898): App\Controllers\Site->index()
 5 SYSTEMPATH/CodeIgniter.php(468): CodeIgniter\CodeIgniter->runController(Object(App\Controllers\Site))
 6 SYSTEMPATH/CodeIgniter.php(351): CodeIgniter\CodeIgniter->handleRequest(null, Object(Config\Cache), false)
 7 FCPATH/index.php(55): CodeIgniter\CodeIgniter->run()
CRITICAL - 2022-06-07 18:09:31 --> syntax error, unexpected identifier "nav"
in APPPATH/Views/templates/header.php on line 28.
 1 SYSTEMPATH/View/View.php(216): CodeIgniter\View\View->CodeIgniter\View\{closure}()
 2 SYSTEMPATH/Common.php(1135): CodeIgniter\View\View->render('templates/header', [], true)
 3 APPPATH/Controllers/Site.php(8): view('templates/header')
 4 SYSTEMPATH/CodeIgniter.php(898): App\Controllers\Site->index()
 5 SYSTEMPATH/CodeIgniter.php(468): CodeIgniter\CodeIgniter->runController(Object(App\Controllers\Site))
 6 SYSTEMPATH/CodeIgniter.php(351): CodeIgniter\CodeIgniter->handleRequest(null, Object(Config\Cache), false)
 7 FCPATH/index.php(55): CodeIgniter\CodeIgniter->run()
CRITICAL - 2022-06-07 18:10:24 --> syntax error, unexpected identifier "nav"
in APPPATH/Views/templates/header.php on line 28.
 1 SYSTEMPATH/View/View.php(216): CodeIgniter\View\View->CodeIgniter\View\{closure}()
 2 SYSTEMPATH/Common.php(1135): CodeIgniter\View\View->render('templates/header', [], true)
 3 APPPATH/Controllers/Site.php(8): view('templates/header')
 4 SYSTEMPATH/CodeIgniter.php(898): App\Controllers\Site->index()
 5 SYSTEMPATH/CodeIgniter.php(468): CodeIgniter\CodeIgniter->runController(Object(App\Controllers\Site))
 6 SYSTEMPATH/CodeIgniter.php(351): CodeIgniter\CodeIgniter->handleRequest(null, Object(Config\Cache), false)
 7 FCPATH/index.php(55): CodeIgniter\CodeIgniter->run()
CRITICAL - 2022-06-07 18:14:45 --> syntax error, unexpected identifier "nav"
in APPPATH/Views/templates/header.php on line 28.
 1 SYSTEMPATH/View/View.php(216): CodeIgniter\View\View->CodeIgniter\View\{closure}()
 2 SYSTEMPATH/Common.php(1135): CodeIgniter\View\View->render('templates/header', [], true)
 3 APPPATH/Controllers/Site.php(12): view('templates/header')
 4 SYSTEMPATH/CodeIgniter.php(898): App\Controllers\Site->view('about')
 5 SYSTEMPATH/CodeIgniter.php(468): CodeIgniter\CodeIgniter->runController(Object(App\Controllers\Site))
 6 SYSTEMPATH/CodeIgniter.php(351): CodeIgniter\CodeIgniter->handleRequest(null, Object(Config\Cache), false)
 7 FCPATH/index.php(55): CodeIgniter\CodeIgniter->run()
CRITICAL - 2022-06-07 18:15:59 --> Invalid file: pagesabout.php
in SYSTEMPATH/Exceptions/FrameworkException.php on line 33.
 1 SYSTEMPATH/View/View.php(201): CodeIgniter\Exceptions\FrameworkException::forInvalidFile('pagesabout.php')
 2 SYSTEMPATH/Common.php(1135): CodeIgniter\View\View->render('pagesabout', [], true)
 3 APPPATH/Controllers/Site.php(13): view('pagesabout')
 4 SYSTEMPATH/CodeIgniter.php(898): App\Controllers\Site->view('about')
 5 SYSTEMPATH/CodeIgniter.php(468): CodeIgniter\CodeIgniter->runController(Object(App\Controllers\Site))
 6 SYSTEMPATH/CodeIgniter.php(351): CodeIgniter\CodeIgniter->handleRequest(null, Object(Config\Cache), false)
 7 FCPATH/index.php(55): CodeIgniter\CodeIgniter->run()
CRITICAL - 2022-06-07 18:16:23 --> Invalid file: pageshome.php
in SYSTEMPATH/Exceptions/FrameworkException.php on line 33.
 1 SYSTEMPATH/View/View.php(201): CodeIgniter\Exceptions\FrameworkException::forInvalidFile('pageshome.php')
 2 SYSTEMPATH/Common.php(1135): CodeIgniter\View\View->render('pageshome', [], true)
 3 APPPATH/Controllers/Site.php(13): view('pageshome')
 4 APPPATH/Controllers/Site.php(8): App\Controllers\Site->view()
 5 SYSTEMPATH/CodeIgniter.php(898): App\Controllers\Site->index()
 6 SYSTEMPATH/CodeIgniter.php(468): CodeIgniter\CodeIgniter->runController(Object(App\Controllers\Site))
 7 SYSTEMPATH/CodeIgniter.php(351): CodeIgniter\CodeIgniter->handleRequest(null, Object(Config\Cache), false)
 8 FCPATH/index.php(55): CodeIgniter\CodeIgniter->run()
CRITICAL - 2022-06-07 18:16:54 --> Invalid file: pageshome.php
in SYSTEMPATH/Exceptions/FrameworkException.php on line 33.
 1 SYSTEMPATH/View/View.php(201): CodeIgniter\Exceptions\FrameworkException::forInvalidFile('pageshome.php')
 2 SYSTEMPATH/Common.php(1135): CodeIgniter\View\View->render('pageshome', [], true)
 3 APPPATH/Controllers/Site.php(13): view('pageshome')
 4 APPPATH/Controllers/Site.php(8): App\Controllers\Site->view()
 5 SYSTEMPATH/CodeIgniter.php(898): App\Controllers\Site->index()
 6 SYSTEMPATH/CodeIgniter.php(468): CodeIgniter\CodeIgniter->runController(Object(App\Controllers\Site))
 7 SYSTEMPATH/CodeIgniter.php(351): CodeIgniter\CodeIgniter->handleRequest(null, Object(Config\Cache), false)
 8 FCPATH/index.php(55): CodeIgniter\CodeIgniter->run()
